  funkcije.c
C:\Users\PETRA\OneDrive\Radna površina\Milijunas\Milijunas\funkcije.c(220,22): warning C4026: function declared with formal parameter list
C:\Users\PETRA\OneDrive\Radna površina\Milijunas\Milijunas\funkcije.c(241,25): warning C4013: 'load_questions' undefined; assuming extern returning int
C:\Users\PETRA\OneDrive\Radna površina\Milijunas\Milijunas\funkcije.c(290,45): warning C4474: 'printf' : too many arguments passed for format string
  C:\Users\PETRA\OneDrive\Radna površina\Milijunas\Milijunas\funkcije.c(290,45):
  placeholders and their parameters expect 0 variadic arguments, but 1 were provided
  
C:\Users\PETRA\OneDrive\Radna površina\Milijunas\Milijunas\funkcije.c(304,23): warning C4026: function declared with formal parameter list
C:\Users\PETRA\OneDrive\Radna površina\Milijunas\Milijunas\funkcije.c(370,45): warning C4474: 'printf' : too many arguments passed for format string
  C:\Users\PETRA\OneDrive\Radna površina\Milijunas\Milijunas\funkcije.c(370,45):
  placeholders and their parameters expect 0 variadic arguments, but 1 were provided
  
C:\Users\PETRA\OneDrive\Radna površina\Milijunas\Milijunas\funkcije.c(385,26): warning C4026: function declared with formal parameter list
C:\Users\PETRA\OneDrive\Radna površina\Milijunas\Milijunas\funkcije.c(452,45): warning C4474: 'printf' : too many arguments passed for format string
  C:\Users\PETRA\OneDrive\Radna površina\Milijunas\Milijunas\funkcije.c(452,45):
  placeholders and their parameters expect 0 variadic arguments, but 1 were provided
  
C:\Users\PETRA\OneDrive\Radna površina\Milijunas\Milijunas\funkcije.c(466,24): warning C4026: function declared with formal parameter list
C:\Users\PETRA\OneDrive\Radna površina\Milijunas\Milijunas\funkcije.c(533,45): warning C4474: 'printf' : too many arguments passed for format string
  C:\Users\PETRA\OneDrive\Radna površina\Milijunas\Milijunas\funkcije.c(533,45):
  placeholders and their parameters expect 0 variadic arguments, but 1 were provided
  
C:\Users\PETRA\OneDrive\Radna površina\Milijunas\Milijunas\funkcije.c(629,11): warning C4244: 'function': conversion from 'time_t' to 'unsigned int', possible loss of data
C:\Users\PETRA\OneDrive\Radna površina\Milijunas\Milijunas\funkcije.c(769,18): warning C4013: 'partition' undefined; assuming extern returning int
  Milijunas.vcxproj -> C:\Users\PETRA\OneDrive\Radna površina\Milijunas\x64\Debug\Milijunas.exe
