  funkcije.c
C:\Users\PETRA\OneDrive\Radna površina\Milijunas\Milijunas\funkcije.c(156,22): warning C4026: function declared with formal parameter list
C:\Users\PETRA\OneDrive\Radna površina\Milijunas\Milijunas\funkcije.c(177,25): warning C4013: 'load_questions' undefined; assuming extern returning int
C:\Users\PETRA\OneDrive\Radna površina\Milijunas\Milijunas\funkcije.c(226,45): warning C4474: 'printf' : too many arguments passed for format string
  C:\Users\PETRA\OneDrive\Radna površina\Milijunas\Milijunas\funkcije.c(226,45):
  placeholders and their parameters expect 0 variadic arguments, but 1 were provided
  
C:\Users\PETRA\OneDrive\Radna površina\Milijunas\Milijunas\funkcije.c(240,23): warning C4026: function declared with formal parameter list
C:\Users\PETRA\OneDrive\Radna površina\Milijunas\Milijunas\funkcije.c(309,45): warning C4474: 'printf' : too many arguments passed for format string
  C:\Users\PETRA\OneDrive\Radna površina\Milijunas\Milijunas\funkcije.c(309,45):
  placeholders and their parameters expect 0 variadic arguments, but 1 were provided
  
C:\Users\PETRA\OneDrive\Radna površina\Milijunas\Milijunas\funkcije.c(325,26): warning C4026: function declared with formal parameter list
C:\Users\PETRA\OneDrive\Radna površina\Milijunas\Milijunas\funkcije.c(392,45): warning C4474: 'printf' : too many arguments passed for format string
  C:\Users\PETRA\OneDrive\Radna površina\Milijunas\Milijunas\funkcije.c(392,45):
  placeholders and their parameters expect 0 variadic arguments, but 1 were provided
  
C:\Users\PETRA\OneDrive\Radna površina\Milijunas\Milijunas\funkcije.c(406,24): warning C4026: function declared with formal parameter list
C:\Users\PETRA\OneDrive\Radna površina\Milijunas\Milijunas\funkcije.c(473,45): warning C4474: 'printf' : too many arguments passed for format string
  C:\Users\PETRA\OneDrive\Radna površina\Milijunas\Milijunas\funkcije.c(473,45):
  placeholders and their parameters expect 0 variadic arguments, but 1 were provided
  
C:\Users\PETRA\OneDrive\Radna površina\Milijunas\Milijunas\funkcije.c(569,11): warning C4244: 'function': conversion from 'time_t' to 'unsigned int', possible loss of data
C:\Users\PETRA\OneDrive\Radna površina\Milijunas\Milijunas\funkcije.c(580,15): warning C4244: 'function': conversion from 'time_t' to 'unsigned int', possible loss of data
C:\Users\PETRA\OneDrive\Radna površina\Milijunas\Milijunas\funkcije.c(718,18): warning C4013: 'partition' undefined; assuming extern returning int
  Milijunas.vcxproj -> C:\Users\PETRA\OneDrive\Radna površina\Milijunas\x64\Debug\Milijunas.exe
